\BOOKMARK [1][-]{section.1}{Introduction}{}% 1
\BOOKMARK [1][-]{section.2}{Game Design Research}{}% 2
\BOOKMARK [2][-]{subsection.2.1}{Shooters}{section.2}% 3
\BOOKMARK [3][-]{subsubsection.2.1.1}{Defender\(1981\)}{subsection.2.1}% 4
\BOOKMARK [3][-]{subsubsection.2.1.2}{R-Type \(1987\)}{subsection.2.1}% 5
\BOOKMARK [2][-]{subsection.2.2}{Platform}{section.2}% 6
\BOOKMARK [3][-]{subsubsection.2.2.1}{Super Mario\(1980\)}{subsection.2.2}% 7
\BOOKMARK [3][-]{subsubsection.2.2.2}{Donkey Kong\(1981\)}{subsection.2.2}% 8
\BOOKMARK [2][-]{subsection.2.3}{Puzzle}{section.2}% 9
\BOOKMARK [2][-]{subsection.2.4}{Traditional Games}{section.2}% 10
\BOOKMARK [1][-]{section.3}{Design}{}% 11
\BOOKMARK [2][-]{subsection.3.1}{Front End}{section.3}% 12
\BOOKMARK [2][-]{subsection.3.2}{In-Game Menus}{section.3}% 13
\BOOKMARK [2][-]{subsection.3.3}{Control Mechanisms}{section.3}% 14
\BOOKMARK [2][-]{subsection.3.4}{The Game}{section.3}% 15
\BOOKMARK [1][-]{section.4}{Game Mechanics}{}% 16
\BOOKMARK [1][-]{section.5}{System Compatibility}{}% 17
\BOOKMARK [1][-]{section.6}{Hardware Functions Used}{}% 18
\BOOKMARK [1][-]{section.7}{Conclusion}{}% 19
\BOOKMARK [1][-]{section.8}{Sources and References}{}% 20
